<?xml version="1.0" encoding="UTF-8"?>
<!-- Generated by org.testng.reporters.JUnitXMLReporter -->
<testsuite ignored="0" hostname="IN3051139W1" failures="0" tests="1" name="3.) web Test : T2004282_03 on DummyDryRunTest" time="5.973" errors="0" timestamp="06 Feb 2022 06:08:38 GMT">
  <testcase classname="com.automation.PreAndPostTestEvents" name="@BeforeClass setup" time="0.0">
    <failure type="org.openqa.selenium.SessionNotCreatedException" message="session not created: This version of ChromeDriver only supports Chrome version 94
Current browser version is 97.0.4692.99 with binary path C:\Program Files (x86)\Google\Chrome\Application\chrome.exe
Build info: version: &amp;apos;3.141.59&amp;apos;, revision: &amp;apos;e82be7d358&amp;apos;, time: &amp;apos;2018-11-14T08:17:03&amp;apos;
System info: host: &amp;apos;IN3051139W1&amp;apos;, ip: &amp;apos;192.168.1.5&amp;apos;, os.name: &amp;apos;Windows 10&amp;apos;, os.arch: &amp;apos;amd64&amp;apos;, os.version: &amp;apos;10.0&amp;apos;, java.version: &amp;apos;15.0.2&amp;apos;
Driver info: driver.version: ChromeDriver
remote stacktrace: Backtrace:
	Ordinal0 [0x011BBDE3+2473443]
	Ordinal0 [0x01156661+2057825]
	Ordinal0 [0x01062438+1057848]
	Ordinal0 [0x0108054A+1181002]
	Ordinal0 [0x0107C435+1164341]
	Ordinal0 [0x01079CAF+1154223]
	Ordinal0 [0x010A9ADF+1350367]
	Ordinal0 [0x010A974A+1349450]
	Ordinal0 [0x010A55AB+1332651]
	Ordinal0 [0x01082104+1188100]
	Ordinal0 [0x01082F59+1191769]
	GetHandleVerifier [0x01342266+1549718]
	GetHandleVerifier [0x013ED4A7+2250711]
	GetHandleVerifier [0x0124718B+521403]
	GetHandleVerifier [0x01246229+517465]
	Ordinal0 [0x0115B79D+2078621]
	Ordinal0 [0x0115FB58+2095960]
	Ordinal0 [0x0115FC92+2096274]
	Ordinal0 [0x01169541+2135361]
	BaseThreadInitThunk [0x76016359+25]
	RtlGetAppContainerNamedObjectPath [0x77A187D4+228]
	RtlGetAppContainerNamedObjectPath [0x77A187A4+180]
">
      <![CDATA[org.openqa.selenium.SessionNotCreatedException: session not created: This version of ChromeDriver only supports Chrome version 94
Current browser version is 97.0.4692.99 with binary path C:\Program Files (x86)\Google\Chrome\Application\chrome.exe
Build info: version: '3.141.59', revision: 'e82be7d358', time: '2018-11-14T08:17:03'
System info: host: 'IN3051139W1', ip: '192.168.1.5', os.name: 'Windows 10', os.arch: 'amd64', os.version: '10.0', java.version: '15.0.2'
Driver info: driver.version: ChromeDriver
remote stacktrace: Backtrace:
	Ordinal0 [0x011BBDE3+2473443]
	Ordinal0 [0x01156661+2057825]
	Ordinal0 [0x01062438+1057848]
	Ordinal0 [0x0108054A+1181002]
	Ordinal0 [0x0107C435+1164341]
	Ordinal0 [0x01079CAF+1154223]
	Ordinal0 [0x010A9ADF+1350367]
	Ordinal0 [0x010A974A+1349450]
	Ordinal0 [0x010A55AB+1332651]
	Ordinal0 [0x01082104+1188100]
	Ordinal0 [0x01082F59+1191769]
	GetHandleVerifier [0x01342266+1549718]
	GetHandleVerifier [0x013ED4A7+2250711]
	GetHandleVerifier [0x0124718B+521403]
	GetHandleVerifier [0x01246229+517465]
	Ordinal0 [0x0115B79D+2078621]
	Ordinal0 [0x0115FB58+2095960]
	Ordinal0 [0x0115FC92+2096274]
	Ordinal0 [0x01169541+2135361]
	BaseThreadInitThunk [0x76016359+25]
	RtlGetAppContainerNamedObjectPath [0x77A187D4+228]
	RtlGetAppContainerNamedObjectPath [0x77A187A4+180]

	at org.openqa.selenium.remote.W3CHandshakeResponse.lambda$errorHandler$0(W3CHandshakeResponse.java:62)
	at org.openqa.selenium.remote.HandshakeResponse.lambda$getResponseFunction$0(HandshakeResponse.java:30)
	at org.openqa.selenium.remote.ProtocolHandshake.lambda$createSession$0(ProtocolHandshake.java:126)
	at java.base/java.util.stream.ReferencePipeline$3$1.accept(ReferencePipeline.java:195)
	at java.base/java.util.Spliterators$ArraySpliterator.tryAdvance(Spliterators.java:958)
	at java.base/java.util.stream.ReferencePipeline.forEachWithCancel(ReferencePipeline.java:127)
	at java.base/java.util.stream.AbstractPipeline.copyIntoWithCancel(AbstractPipeline.java:502)
	at java.base/java.util.stream.AbstractPipeline.copyInto(AbstractPipeline.java:488)
	at java.base/java.util.stream.AbstractPipeline.wrapAndCopyInto(AbstractPipeline.java:474)
	at java.base/java.util.stream.FindOps$FindOp.evaluateSequential(FindOps.java:150)
	at java.base/java.util.stream.AbstractPipeline.evaluate(AbstractPipeline.java:234)
	at java.base/java.util.stream.ReferencePipeline.findFirst(ReferencePipeline.java:543)
	at org.openqa.selenium.remote.ProtocolHandshake.createSession(ProtocolHandshake.java:128)
	at org.openqa.selenium.remote.ProtocolHandshake.createSession(ProtocolHandshake.java:74)
	at org.openqa.selenium.remote.HttpCommandExecutor.execute(HttpCommandExecutor.java:136)
	at org.openqa.selenium.remote.service.DriverCommandExecutor.execute(DriverCommandExecutor.java:83)
	at org.openqa.selenium.remote.RemoteWebDriver.execute(RemoteWebDriver.java:552)
	at org.openqa.selenium.remote.RemoteWebDriver.startSession(RemoteWebDriver.java:213)
	at org.openqa.selenium.remote.RemoteWebDriver.<init>(RemoteWebDriver.java:131)
	at org.openqa.selenium.chrome.ChromeDriver.<init>(ChromeDriver.java:181)
	at org.openqa.selenium.chrome.ChromeDriver.<init>(ChromeDriver.java:168)
	at org.openqa.selenium.chrome.ChromeDriver.<init>(ChromeDriver.java:157)
	at com.automation.browserFactory.getChromeDriver(browserFactory.java:48)
	at com.automation.browserFactory.getDriver(browserFactory.java:32)
	at com.automation.webDriverCreator._configureBrowser(webDriverCreator.java:32)
	at com.automation.webDriverCreator.testInitiator(webDriverCreator.java:26)
	at com.automation.webDriverCreator.<init>(webDriverCreator.java:22)
	at com.automation.PreAndPostTestEvents.setup(PreAndPostTestEvents.java:29)
	at java.base/java.util.concurrent.FutureTask.run(FutureTask.java:264)
	at java.base/java.util.concurrent.ThreadPoolExecutor.runWorker(ThreadPoolExecutor.java:1130)
	at java.base/java.util.concurrent.ThreadPoolExecutor$Worker.run(ThreadPoolExecutor.java:630)
	at java.base/java.lang.Thread.run(Thread.java:832)
... Removed 21 stack frames]]>
    </failure>
  </testcase> <!-- @BeforeClass setup -->
  <testcase classname="com.automation.PreAndPostTestEvents" name="@BeforeMethod Initialization" time="0.0">
    <skipped/>
  </testcase> <!-- @BeforeMethod Initialization -->
  <testcase classname="com.automation.PreAndPostTestEvents" name="@AfterMethod captureScreenShotIfFailure" time="0.0">
    <skipped/>
  </testcase> <!-- @AfterMethod captureScreenShotIfFailure -->
  <testcase classname="com.automation.PreAndPostTestEvents" name="@AfterClass tearDown" time="0.0">
    <skipped/>
  </testcase> <!-- @AfterClass tearDown -->
  <testcase classname="com.test.Tests.DummyDryRunTest" name="TC01_LogIntoTheApplication" time="0.009">
    <skipped/>
  </testcase> <!-- TC01_LogIntoTheApplication -->
</testsuite> <!-- 3.) web Test : T2004282_03 on DummyDryRunTest -->
